<?xml version="1.0" encoding="UTF-8"?>
<!-- Generated by org.testng.reporters.JUnitReportReporter -->
<testsuite hostname="Thoushika" failures="0" tests="4" name="com.runner.RunnerFile" time="40.373" errors="0" timestamp="2025-04-08T10:15:13 IST" skipped="0">
  <testcase classname="com.runner.RunnerFile" name="runScenario" time="8.888"/>
  <testcase classname="com.runner.RunnerFile" name="runScenario" time="14.769"/>
  <testcase classname="com.runner.RunnerFile" name="runScenario" time="9.099"/>
  <testcase classname="com.runner.RunnerFile" name="runScenario" time="7.617"/>
</testsuite> <!-- com.runner.RunnerFile -->
