<?xml version="1.0" encoding="UTF-8"?>
<!-- Generated by org.testng.reporters.JUnitReportReporter -->
<testsuite hostname="Thoushika" failures="0" tests="3" name="com.runner.RunnerFile" time="36.972" errors="0" timestamp="2025-04-06T20:49:51 IST" skipped="0">
  <testcase classname="com.runner.RunnerFile" name="runScenario" time="7.683"/>
  <testcase classname="com.runner.RunnerFile" name="runScenario" time="5.128"/>
  <testcase classname="com.runner.RunnerFile" name="runScenario" time="24.161"/>
</testsuite> <!-- com.runner.RunnerFile -->
